<?xml version="1.0" encoding="UTF-8"?>
<testng-results ignored="0" total="4" passed="4" failed="0" skipped="0">
  <reporter-output>
  </reporter-output>
  <suite started-at="2022-08-29T19:20:03 BRT" name="Surefire suite" finished-at="2022-08-29T19:20:11 BRT" duration-ms="8692">
    <groups>
      <group name="cucumber">
        <method signature="AbstractTestNGCucumberTests.runScenario(io.cucumber.testng.PickleWrapper,io.cucumber.testng.FeatureWrapper)[pri:0, instance:cucumberOptions.TestNGRunner@1ffe63b9]" name="runScenario" class="io.cucumber.testng.AbstractTestNGCucumberTests"/>
        <method signature="AbstractTestNGCucumberTests.runScenario(io.cucumber.testng.PickleWrapper,io.cucumber.testng.FeatureWrapper)[pri:0, instance:cucumberOptions.TestNGRunnerFailed@161479c6]" name="runScenario" class="io.cucumber.testng.AbstractTestNGCucumberTests"/>
      </group> <!-- cucumber -->
    </groups>
    <test started-at="2022-08-29T19:20:03 BRT" name="Surefire test" finished-at="2022-08-29T19:20:11 BRT" duration-ms="8692">
      <class name="cucumberOptions.TestNGRunnerFailed">
        <test-method is-config="true" signature="setUpClass(org.testng.ITestContext)[pri:0, instance:cucumberOptions.TestNGRunnerFailed@161479c6]" started-at="2022-08-29T19:20:11 BRT" name="setUpClass" finished-at="2022-08-29T19:20:11 BRT" duration-ms="8" status="PASS">
          <params>
            <param index="0">
              <value>
                <![CDATA[org.testng.TestRunner@4d23015c]]>
              </value>
            </param>
          </params>
          <reporter-output>
          </reporter-output>
        </test-method> <!-- setUpClass -->
        <test-method is-config="true" signature="tearDownClass()[pri:0, instance:cucumberOptions.TestNGRunnerFailed@161479c6]" started-at="2022-08-29T19:20:11 BRT" name="tearDownClass" finished-at="2022-08-29T19:20:11 BRT" duration-ms="19" status="PASS">
          <reporter-output>
          </reporter-output>
        </test-method> <!-- tearDownClass -->
      </class> <!-- cucumberOptions.TestNGRunnerFailed -->
      <class name="cucumberOptions.TestNGRunner">
        <test-method is-config="true" signature="setUpClass(org.testng.ITestContext)[pri:0, instance:cucumberOptions.TestNGRunner@1ffe63b9]" started-at="2022-08-29T19:20:03 BRT" name="setUpClass" finished-at="2022-08-29T19:20:03 BRT" duration-ms="474" status="PASS">
          <params>
            <param index="0">
              <value>
                <![CDATA[org.testng.TestRunner@4d23015c]]>
              </value>
            </param>
          </params>
          <reporter-output>
          </reporter-output>
        </test-method> <!-- setUpClass -->
        <test-method signature="runScenario(io.cucumber.testng.PickleWrapper,io.cucumber.testng.FeatureWrapper)[pri:0, instance:cucumberOptions.TestNGRunner@1ffe63b9]" started-at="2022-08-29T19:20:03 BRT" name="runScenario" description="Runs Cucumber Scenarios" data-provider="scenarios" finished-at="2022-08-29T19:20:10 BRT" duration-ms="6782" status="PASS">
          <params>
            <param index="0">
              <value>
                <![CDATA["Search for the same product in home page AND top deals page"]]>
              </value>
            </param>
            <param index="1">
              <value>
                <![CDATA["Search for products on the website pages"]]>
              </value>
            </param>
          </params>
          <reporter-output>
          </reporter-output>
        </test-method> <!-- runScenario -->
        <test-method signature="runScenario(io.cucumber.testng.PickleWrapper,io.cucumber.testng.FeatureWrapper)[pri:0, instance:cucumberOptions.TestNGRunner@1ffe63b9]" started-at="2022-08-29T19:20:03 BRT" name="runScenario" description="Runs Cucumber Scenarios" data-provider="scenarios" finished-at="2022-08-29T19:20:10 BRT" duration-ms="6638" status="PASS">
          <params>
            <param index="0">
              <value>
                <![CDATA["Search for the same product in home page AND top deals page using Scenario Outline"]]>
              </value>
            </param>
            <param index="1">
              <value>
                <![CDATA["Search for products on the website pages"]]>
              </value>
            </param>
          </params>
          <reporter-output>
          </reporter-output>
        </test-method> <!-- runScenario -->
        <test-method signature="runScenario(io.cucumber.testng.PickleWrapper,io.cucumber.testng.FeatureWrapper)[pri:0, instance:cucumberOptions.TestNGRunner@1ffe63b9]" started-at="2022-08-29T19:20:03 BRT" name="runScenario" description="Runs Cucumber Scenarios" data-provider="scenarios" finished-at="2022-08-29T19:20:11 BRT" duration-ms="7946" status="PASS">
          <params>
            <param index="0">
              <value>
                <![CDATA["Search item, add until 3, add to cart and go to cart page"]]>
              </value>
            </param>
            <param index="1">
              <value>
                <![CDATA["Order products"]]>
              </value>
            </param>
          </params>
          <reporter-output>
          </reporter-output>
        </test-method> <!-- runScenario -->
        <test-method signature="runScenario(io.cucumber.testng.PickleWrapper,io.cucumber.testng.FeatureWrapper)[pri:0, instance:cucumberOptions.TestNGRunner@1ffe63b9]" started-at="2022-08-29T19:20:03 BRT" name="runScenario" description="Runs Cucumber Scenarios" data-provider="scenarios" finished-at="2022-08-29T19:20:10 BRT" duration-ms="6722" status="PASS">
          <params>
            <param index="0">
              <value>
                <![CDATA["Search for the same product in home page AND top deals page using Scenario Outline"]]>
              </value>
            </param>
            <param index="1">
              <value>
                <![CDATA["Search for products on the website pages"]]>
              </value>
            </param>
          </params>
          <reporter-output>
          </reporter-output>
        </test-method> <!-- runScenario -->
        <test-method is-config="true" signature="tearDownClass()[pri:0, instance:cucumberOptions.TestNGRunner@1ffe63b9]" started-at="2022-08-29T19:20:11 BRT" name="tearDownClass" finished-at="2022-08-29T19:20:11 BRT" duration-ms="221" status="PASS">
          <reporter-output>
          </reporter-output>
        </test-method> <!-- tearDownClass -->
      </class> <!-- cucumberOptions.TestNGRunner -->
    </test> <!-- Surefire test -->
  </suite> <!-- Surefire suite -->
</testng-results>
